2026-06-17 12:03:10,225 - INFO - Selected Iron Condor legs: {'sell_ce': 'C20300', 'sell_pe': 'P19700', 'buy_ce': 'C20600', 'buy_pe': 'P19400'}
2026-06-17 12:03:10,234 - INFO - Selected Iron Condor prices: {'sell_ce': 50.0, 'sell_pe': 50.0, 'buy_ce': 5.0, 'buy_pe': 5.0}
2026-06-17 12:03:10,234 - INFO - Selected Iron Condor strikes: {'sell_ce': 20300.0, 'sell_pe': 19700.0, 'buy_ce': 20600.0, 'buy_pe': 19400.0, 'atm': 20000.0}
2026-06-17 12:03:10,298 - WARNING - Regime reversal check skipped: 'BadFreshQuoteBroker' object has no attribute 'get_option_chain'
2026-06-17 12:03:10,302 - CRITICAL - ATM DRIFT EJECTOR: 0.42x >= 0.20x.
2026-06-17 12:03:10,303 - CRITICAL - TRIGGERING SQUARE OFF SEQUENCE!
2026-06-17 12:03:10,304 - INFO - Simulated PnL for this trade: 234.00
2026-06-17 12:03:10,309 - INFO - Calculating Iron Butterfly strikes & prices (Wing Delta=50)...
2026-06-17 12:03:10,309 - INFO - Selected Execution Legs: {'sell_ce': 'C150', 'sell_pe': 'P150', 'buy_ce': 'C200', 'buy_pe': 'P100'}
2026-06-17 12:03:10,309 - INFO - Target Entry Prices: {'sell_ce': 20, 'sell_pe': 20, 'buy_ce': 5, 'buy_pe': 5}
2026-06-17 12:03:10,309 - INFO - Selected Strikes: {'sell_ce': 150, 'sell_pe': 150, 'buy_ce': 200, 'buy_pe': 100}
2026-06-17 12:03:10,323 - INFO - Deploying BTST_RECENTER command-center strategy for NIFTY...
2026-06-17 12:03:10,357 - INFO - Command-center route standby: Telemetry baseline captured; waiting for next cumulative poll
2026-06-17 12:03:10,357 - CRITICAL - Cannot deploy BTST_RECENTER trade: command-center route failed/standby (Telemetry baseline captured; waiting for next cumulative poll).
2026-06-17 12:03:10,398 - WARNING - Regime reversal check skipped: 'NoneType' object has no attribute 'raise_for_status'
2026-06-17 12:03:10,403 - CRITICAL - CATASTROPHE KILL: live net 36.00 >= 31.50.
2026-06-17 12:03:10,406 - WARNING - Option chain is missing Condor protective wings.
2026-06-17 12:03:10,432 - WARNING - Regime reversal check skipped: 'NoneType' object has no attribute 'raise_for_status'
2026-06-17 12:03:10,449 - CRITICAL - ATM DRIFT EJECTOR: 0.50 pts >= 0.40 pts.
2026-06-17 12:03:10,471 - WARNING - Regime reversal check skipped: 'PanicBroker' object has no attribute 'get_option_chain'
2026-06-17 12:03:10,479 - CRITICAL - CATASTROPHE KILL: live net 38.00 >= 31.50.
2026-06-17 12:03:10,496 - CRITICAL - LIVE MODE: routing orders to DHAN with fill confirmation.
2026-06-17 12:03:10,496 - INFO - Confirmed fill: BUY buy_ce qty=65 avg=5.00 order_id=o1
2026-06-17 12:03:10,647 - INFO - Confirmed fill: BUY buy_pe qty=65 avg=4.00 order_id=o2
2026-06-17 12:03:10,798 - INFO - Confirmed fill: SELL sell_ce qty=65 avg=20.00 order_id=o3
2026-06-17 12:03:10,949 - INFO - Confirmed fill: SELL sell_pe qty=65 avg=21.00 order_id=o4
2026-06-17 12:03:11,117 - INFO - Calculating Iron Butterfly strikes & prices (Wing Delta=5.0)...
2026-06-17 12:03:11,117 - INFO - Selected Execution Legs: {'sell_ce': 'C100', 'sell_pe': 'P100', 'buy_ce': 'C150', 'buy_pe': 'P50'}
2026-06-17 12:03:11,117 - INFO - Target Entry Prices: {'sell_ce': 20, 'sell_pe': 20, 'buy_ce': 3, 'buy_pe': 3}
2026-06-17 12:03:11,117 - INFO - Selected Strikes: {'sell_ce': 100, 'sell_pe': 100, 'buy_ce': 150, 'buy_pe': 50}
2026-06-17 12:03:11,161 - WARNING - Regime reversal check skipped: 'NoneType' object has no attribute 'raise_for_status'
2026-06-17 12:03:11,167 - CRITICAL - ATM DRIFT EJECTOR: 0.35x >= 0.20x.
2026-06-17 12:03:11,190 - ERROR - Failed to send Telegram alert: 'NoneType' object has no attribute 'raise_for_status'
2026-06-17 12:03:11,275 - WARNING - Regime reversal check skipped: 'NoneType' object has no attribute 'raise_for_status'
2026-06-17 12:03:11,281 - WARNING - EOD market context unavailable: 'NoneType' object has no attribute 'raise_for_status'
2026-06-17 12:03:11,284 - CRITICAL - EOD decision: EOD_SQUARE_OFF (EOD_CONTEXT_UNAVAILABLE)
2026-06-17 12:03:11,412 - CRITICAL - EOD decision: BTST_RECENTER (NEUTRAL_BTST_PREFERS_IRON_CONDOR)
2026-06-17 12:03:11,504 - CRITICAL - EOD decision: EOD_CARRY (NEUTRAL_STILL_ALIGNED)
2026-06-17 12:03:11,517 - CRITICAL - TRIGGERING SQUARE OFF SEQUENCE!
2026-06-17 12:03:11,518 - CRITICAL - Routing exit orders to LIVE DHAN with fill confirmation.
2026-06-17 12:03:11,518 - CRITICAL - Failed to close sell_ce. Keeping buy_ce hedge intact. Error: sell_ce: REJECTED - 
2026-06-17 12:03:11,518 - INFO - Confirmed fill: BUY sell_pe qty=65 avg=10.00 order_id=o2
2026-06-17 12:03:11,669 - INFO - Confirmed fill: SELL buy_pe qty=65 avg=4.00 order_id=o3
2026-06-17 12:03:11,831 - CRITICAL - STATE RETAINED: exit execution failed. Manual recovery required.
2026-06-17 12:03:11,968 - INFO - Selected Iron Condor legs: {'sell_ce': 'C20300', 'sell_pe': 'P19700', 'buy_ce': 'C20600', 'buy_pe': 'P19400'}
2026-06-17 12:03:11,968 - INFO - Selected Iron Condor prices: {'sell_ce': 50.0, 'sell_pe': 50.0, 'buy_ce': 5.0, 'buy_pe': 5.0}
2026-06-17 12:03:11,968 - INFO - Selected Iron Condor strikes: {'sell_ce': 20300.0, 'sell_pe': 19700.0, 'buy_ce': 20600.0, 'buy_pe': 19400.0, 'atm': 20000.0}
2026-06-17 12:03:11,981 - CRITICAL - Live funds unavailable; rejecting entry: Upstox funds response has no available equity margin
2026-06-17 12:03:11,981 - CRITICAL - Entry rejected before order placement by position sizing: {'status': 'REJECTED', 'environment': 'LIVE', 'strategy_type': 'BTST_BEAR_CALL_CREDIT', 'index_symbol': 'NIFTY', 'lot_multiple': 65, 'available_margin': 0.0, 'usable_capital': 0.0, 'max_capital_utilization': 0.8, 'margin_per_lot': 40000.0, 'margin_source': 'LIVE_BASKET_MARGIN', 'lots_to_deploy': 0, 'quantity': 0, 'capital_deployed': 0.0, 'metadata': {'source': 'LIVE_FUNDS_UNAVAILABLE', 'requires_live_funds': True, 'error': 'Upstox funds response has no available equity margin'}, 'reason': 'Live funds unavailable'}
2026-06-17 12:03:11,981 - ERROR - Failed to send Telegram alert: 'NoneType' object has no attribute 'raise_for_status'
2026-06-17 12:03:12,003 - CRITICAL - MANUAL EXIT TRIGGERED FROM UI. Forcing Square Off.
2026-06-17 12:03:12,003 - ERROR - Failed to send Telegram alert: 'NoneType' object has no attribute 'raise_for_status'
2026-06-17 12:03:12,005 - CRITICAL - TRIGGERING SQUARE OFF SEQUENCE!
2026-06-17 12:03:12,006 - INFO - Simulated PnL for this trade: 195.00
2026-06-17 12:03:12,015 - CRITICAL - TRIGGERING SQUARE OFF SEQUENCE!
2026-06-17 12:03:12,017 - INFO - Simulated PnL for this trade: 195.00
2026-06-17 12:03:12,076 - WARNING - Regime reversal check skipped: 'NoneType' object has no attribute 'raise_for_status'
2026-06-17 12:03:12,101 - WARNING - Regime reversal check skipped: 'NoneType' object has no attribute 'raise_for_status'
2026-06-17 12:03:12,109 - CRITICAL - LIVE MODE: routing orders to DHAN with fill confirmation.
2026-06-17 12:03:12,110 - CRITICAL - Partial fill during entry: buy_ce: unexpected fill quantity 10/65
2026-06-17 12:03:12,110 - CRITICAL - Entry failed mid-flight. Rolling back only confirmed fills.
2026-06-17 12:03:12,110 - INFO - Confirmed fill: SELL buy_ce qty=10 avg=5.00 order_id=o2
2026-06-17 12:03:12,110 - INFO - Rollback confirmed for buy_ce: o2
2026-06-17 12:03:12,112 - INFO - ATM_DRIFT re-entry allowed: premium change 0.00%, spot change 0.05%.
2026-06-17 12:03:12,114 - CRITICAL - CATASTROPHE_KILL re-entry blocked: fresh entry cutoff 15:10 has passed.
2026-06-17 12:03:12,118 - CRITICAL - LIVE MODE: routing orders to DHAN with fill confirmation.
2026-06-17 12:03:12,118 - INFO - Confirmed fill: BUY buy_ce qty=65 avg=5.00 order_id=o1
2026-06-17 12:03:12,269 - CRITICAL - Basket execution failed before full confirmation: buy_pe: REJECTED - 
2026-06-17 12:03:12,269 - CRITICAL - Entry failed mid-flight. Rolling back only confirmed fills.
2026-06-17 12:03:12,269 - INFO - Confirmed fill: SELL buy_ce qty=65 avg=5.00 order_id=o3
2026-06-17 12:03:12,269 - INFO - Rollback confirmed for buy_ce: o3
2026-06-17 12:03:12,401 - WARNING - Regime reversal check skipped: 'NoneType' object has no attribute 'raise_for_status'
2026-06-17 12:03:12,409 - CRITICAL - SNIPER TARGET HIT at 12.00%. Exiting.
2026-06-17 12:03:12,438 - WARNING - Regime reversal check skipped: 'NoneType' object has no attribute 'raise_for_status'
2026-06-17 12:03:12,445 - CRITICAL - SNIPER TARGET HIT at 12.00%. Exiting.
2026-06-17 12:03:12,452 - CRITICAL - WebSocket died for NIFTY; reconnect attempt 1/5.
2026-06-17 12:03:12,452 - INFO - Reconnecting WebSocket after 2.0s backoff.
2026-06-17 12:03:12,459 - CRITICAL - WebSocket died for NIFTY; reconnect attempt 1/3.
2026-06-17 12:03:12,459 - INFO - Reconnecting WebSocket after 2.0s backoff.
2026-06-17 12:03:12,460 - CRITICAL - WebSocket died for NIFTY; reconnect attempt 2/3.
2026-06-17 12:03:12,460 - INFO - Reconnecting WebSocket after 4.0s backoff.
2026-06-17 12:03:12,460 - CRITICAL - WebSocket died for NIFTY; reconnect attempt 3/3.
2026-06-17 12:03:12,460 - INFO - Reconnecting WebSocket after 8.0s backoff.
2026-06-17 12:03:12,569 - WARNING - Regime reversal check skipped: 'NoneType' object has no attribute 'raise_for_status'
2026-06-17 12:03:12,696 - WARNING - Regime reversal check skipped: 'StableSpotBroker' object has no attribute 'get_option_chain'
2026-06-17 12:03:12,752 - CRITICAL - Ignoring unconfirmed ATM drift: stream 0.42x / 21.00 pts, broker 0.00x / 0.00 pts.
2026-06-17 12:03:12,785 - WARNING - Regime reversal check skipped: 'StableBroker' object has no attribute 'get_option_chain'
2026-06-17 12:03:12,788 - CRITICAL - Ignoring unconfirmed catastrophe: stream net 36.00 >= 31.50, broker net 30.00.
2026-06-17 12:03:12,795 - INFO - Selected Iron Condor legs: {'sell_ce': 'C20300', 'sell_pe': 'P19700', 'buy_ce': 'C20500', 'buy_pe': 'P19500'}
2026-06-17 12:03:12,796 - INFO - Selected Iron Condor prices: {'sell_ce': 100.0, 'sell_pe': 100.0, 'buy_ce': 5.0, 'buy_pe': 5.0}
2026-06-17 12:03:12,796 - INFO - Selected Iron Condor strikes: {'sell_ce': 20300.0, 'sell_pe': 19700.0, 'buy_ce': 20500.0, 'buy_pe': 19500.0, 'atm': 20000.0}
2026-06-17 12:03:12,803 - INFO - Calculating Iron Butterfly strikes & prices (Wing Delta=7.0)...
2026-06-17 12:03:12,803 - INFO - Selected Execution Legs: {'sell_ce': 'C100', 'sell_pe': 'P100', 'buy_ce': 'C150', 'buy_pe': 'P50'}
2026-06-17 12:03:12,803 - INFO - Target Entry Prices: {'sell_ce': 20, 'sell_pe': 20, 'buy_ce': 2, 'buy_pe': 2}
2026-06-17 12:03:12,803 - INFO - Selected Strikes: {'sell_ce': 100, 'sell_pe': 100, 'buy_ce': 150, 'buy_pe': 50}
Traceback (most recent call last):
  File "C:\Users\sande\anaconda3\envs\python312\Lib\site-packages\urllib3\util\connection.py", line 73, in create_connection
    sock.connect(sa)
TimeoutError: timed out

During handling of the above exception, another exception occurred:

Traceback (most recent call last):
  File "C:\Users\sande\Antigravity_upstox_selling\Dhan_Algo\main.py", line 1358, in <module>
    rec_symbol = recovered_state.get("index_symbol", "UNKNOWN")
    ^^^^^^^^^^^^^^^^^^^^^^
  File "C:\Users\sande\anaconda3\envs\python312\Lib\site-packages\schedule\__init__.py", line 854, in run_pending
    default_scheduler.run_pending()
  File "C:\Users\sande\anaconda3\envs\python312\Lib\site-packages\schedule\__init__.py", line 101, in run_pending
    self._run_job(job)
  File "C:\Users\sande\anaconda3\envs\python312\Lib\site-packages\schedule\__init__.py", line 173, in _run_job
    ret = job.run()
          ^^^^^^^^^
  File "C:\Users\sande\anaconda3\envs\python312\Lib\site-packages\schedule\__init__.py", line 691, in run
    ret = self.job_func()
          ^^^^^^^^^^^^^^^
  File "C:\Users\sande\Antigravity_upstox_selling\Dhan_Algo\main.py", line 819, in scan_market_and_execute_trades
    candles_5m = data_feed.get_broker().get_intraday_candles(symbol, minutes=5, from_date=from_date_5m)
                 ^^^^^^^^^^^^^^^^^^^^^^^^^^^^^^^^^^^^^^^^^^^^^^^^^^^^^^^^^^^^^^^^^^^^^^^^^^^^^^^^^^^^^^
  File "C:\Users\sande\Antigravity_upstox_selling\Dhan_Algo\broker.py", line 390, in get_intraday_candles
    return self._charts_to_candles(self._post("/charts/intraday", payload))
                                   ^^^^^^^^^^^^^^^^^^^^^^^^^^^^^^^^^^^^^^^
  File "C:\Users\sande\Antigravity_upstox_selling\Dhan_Algo\broker.py", line 269, in _post
    response = requests.post(
               ^^^^^^^^^^^^^^
  File "C:\Users\sande\anaconda3\envs\python312\Lib\site-packages\requests\api.py", line 115, in post
    return request("post", url, data=data, json=json, **kwargs)
           ^^^^^^^^^^^^^^^^^^^^^^^^^^^^^^^^^^^^^^^^^^^^^^^^^^^^
  File "C:\Users\sande\anaconda3\envs\python312\Lib\site-packages\requests\api.py", line 59, in request
    return session.request(method=method, url=url, **kwargs)
           ^^^^^^^^^^^^^^^^^^^^^^^^^^^^^^^^^^^^^^^^^^^^^^^^^
  File "C:\Users\sande\anaconda3\envs\python312\Lib\site-packages\requests\sessions.py", line 592, in request
    resp = self.send(prep, **send_kwargs)
           ^^^^^^^^^^^^^^^^^^^^^^^^^^^^^^
  File "C:\Users\sande\anaconda3\envs\python312\Lib\site-packages\requests\sessions.py", line 706, in send
    r = adapter.send(request, **kwargs)
        ^^^^^^^^^^^^^^^^^^^^^^^^^^^^^^^
  File "C:\Users\sande\anaconda3\envs\python312\Lib\site-packages\requests\adapters.py", line 645, in send
    resp = conn.urlopen(
           ^^^^^^^^^^^^^
  File "C:\Users\sande\anaconda3\envs\python312\Lib\site-packages\urllib3\connectionpool.py", line 787, in urlopen
    response = self._make_request(
               ^^^^^^^^^^^^^^^^^^^
  File "C:\Users\sande\anaconda3\envs\python312\Lib\site-packages\urllib3\connectionpool.py", line 464, in _make_request
    self._validate_conn(conn)
  File "C:\Users\sande\anaconda3\envs\python312\Lib\site-packages\urllib3\connectionpool.py", line 1093, in _validate_conn
    conn.connect()
  File "C:\Users\sande\anaconda3\envs\python312\Lib\site-packages\urllib3\connection.py", line 753, in connect
    self.sock = sock = self._new_conn()
                       ^^^^^^^^^^^^^^^^
  File "C:\Users\sande\anaconda3\envs\python312\Lib\site-packages\urllib3\connection.py", line 198, in _new_conn
    sock = connection.create_connection(
           ^^^^^^^^^^^^^^^^^^^^^^^^^^^^^
  File "C:\Users\sande\anaconda3\envs\python312\Lib\site-packages\urllib3\util\connection.py", line 81, in create_connection
    sock.close()
  File "C:\Users\sande\anaconda3\envs\python312\Lib\socket.py", line 501, in close
    def close(self):

KeyboardInterrupt
id=o2
2026-06-17 13:04:19,370 - INFO - Confirmed fill: SELL sell_ce qty=65 avg=20.00 order_id=o3
2026-06-17 13:04:19,520 - INFO - Confirmed fill: SELL sell_pe qty=65 avg=21.00 order_id=o4
2026-06-17 13:04:19,679 - INFO - Calculating Iron Butterfly strikes & prices (Wing Delta=5.0)...
2026-06-17 13:04:19,679 - INFO - Selected Execution Legs: {'sell_ce': 'C100', 'sell_pe': 'P100', 'buy_ce': 'C150', 'buy_pe': 'P50'}
2026-06-17 13:04:19,679 - INFO - Target Entry Prices: {'sell_ce': 20, 'sell_pe': 20, 'buy_ce': 3, 'buy_pe': 3}
2026-06-17 13:04:19,679 - INFO - Selected Strikes: {'sell_ce': 100, 'sell_pe': 100, 'buy_ce': 150, 'buy_pe': 50}
2026-06-17 13:04:19,690 - WARNING - Regime reversal check skipped: 'NoneType' object has no attribute 'raise_for_status'
2026-06-17 13:04:19,692 - CRITICAL - ATM DRIFT EJECTOR: 0.35x >= 0.20x.
2026-06-17 13:04:19,708 - ERROR - Failed to send Telegram alert: 'NoneType' object has no attribute 'raise_for_status'
2026-06-17 13:04:19,728 - WARNING - Regime reversal check skipped: 'NoneType' object has no attribute 'raise_for_status'
2026-06-17 13:04:19,731 - WARNING - EOD market context unavailable: 'NoneType' object has no attribute 'raise_for_status'
2026-06-17 13:04:19,734 - CRITICAL - EOD decision: EOD_SQUARE_OFF (EOD_CONTEXT_UNAVAILABLE)
2026-06-17 13:04:19,771 - CRITICAL - EOD decision: BTST_RECENTER (NEUTRAL_BTST_PREFERS_IRON_CONDOR)
2026-06-17 13:04:19,801 - CRITICAL - EOD decision: EOD_CARRY (NEUTRAL_STILL_ALIGNED)
2026-06-17 13:04:19,804 - CRITICAL - TRIGGERING SQUARE OFF SEQUENCE!
2026-06-17 13:04:19,805 - CRITICAL - Routing exit orders to LIVE DHAN with fill confirmation.
2026-06-17 13:04:19,805 - CRITICAL - Failed to close sell_ce. Keeping buy_ce hedge intact. Error: sell_ce: REJECTED - 
2026-06-17 13:04:19,805 - INFO - Confirmed fill: BUY sell_pe qty=65 avg=10.00 order_id=o2
2026-06-17 13:04:19,956 - INFO - Confirmed fill: SELL buy_pe qty=65 avg=4.00 order_id=o3
2026-06-17 13:04:20,109 - CRITICAL - STATE RETAINED: exit execution failed. Manual recovery required.
2026-06-17 13:04:20,174 - INFO - Selected Iron Condor legs: {'sell_ce': 'C20300', 'sell_pe': 'P19700', 'buy_ce': 'C20600', 'buy_pe': 'P19400'}
2026-06-17 13:04:20,175 - INFO - Selected Iron Condor prices: {'sell_ce': 50.0, 'sell_pe': 50.0, 'buy_ce': 5.0, 'buy_pe': 5.0}
2026-06-17 13:04:20,175 - INFO - Selected Iron Condor strikes: {'sell_ce': 20300.0, 'sell_pe': 19700.0, 'buy_ce': 20600.0, 'buy_pe': 19400.0, 'atm': 20000.0}
2026-06-17 13:04:20,180 - CRITICAL - Live funds unavailable; rejecting entry: Upstox funds response has no available equity margin
2026-06-17 13:04:20,180 - CRITICAL - Entry rejected before order placement by position sizing: {'status': 'REJECTED', 'environment': 'LIVE', 'strategy_type': 'BTST_BEAR_CALL_CREDIT', 'index_symbol': 'NIFTY', 'lot_multiple': 65, 'available_margin': 0.0, 'usable_capital': 0.0, 'max_capital_utilization': 0.8, 'margin_per_lot': 40000.0, 'margin_source': 'LIVE_BASKET_MARGIN', 'lots_to_deploy': 0, 'quantity': 0, 'capital_deployed': 0.0, 'metadata': {'source': 'LIVE_FUNDS_UNAVAILABLE', 'requires_live_funds': True, 'error': 'Upstox funds response has no available equity margin'}, 'reason': 'Live funds unavailable'}
2026-06-17 13:04:20,181 - ERROR - Failed to send Telegram alert: 'NoneType' object has no attribute 'raise_for_status'
2026-06-17 13:04:20,203 - CRITICAL - MANUAL EXIT TRIGGERED FROM UI. Forcing Square Off.
2026-06-17 13:04:20,203 - ERROR - Failed to send Telegram alert: 'NoneType' object has no attribute 'raise_for_status'
2026-06-17 13:04:20,204 - CRITICAL - TRIGGERING SQUARE OFF SEQUENCE!
2026-06-17 13:04:20,205 - INFO - Simulated PnL for this trade: 195.00
2026-06-17 13:04:20,209 - CRITICAL - TRIGGERING SQUARE OFF SEQUENCE!
2026-06-17 13:04:20,209 - INFO - Simulated PnL for this trade: 195.00
2026-06-17 13:04:20,242 - WARNING - Regime reversal check skipped: 'NoneType' object has no attribute 'raise_for_status'
2026-06-17 13:04:20,282 - WARNING - Regime reversal check skipped: 'NoneType' object has no attribute 'raise_for_status'
2026-06-17 13:04:20,286 - CRITICAL - LIVE MODE: routing orders to DHAN with fill confirmation.
2026-06-17 13:04:20,286 - CRITICAL - Partial fill during entry: buy_ce: unexpected fill quantity 10/65
2026-06-17 13:04:20,286 - CRITICAL - Entry failed mid-flight. Rolling back only confirmed fills.
2026-06-17 13:04:20,286 - INFO - Confirmed fill: SELL buy_ce qty=10 avg=5.00 order_id=o2
2026-06-17 13:04:20,286 - INFO - Rollback confirmed for buy_ce: o2
2026-06-17 13:04:20,288 - INFO - ATM_DRIFT re-entry allowed: premium change 0.00%, spot change 0.05%.
2026-06-17 13:04:20,290 - CRITICAL - CATASTROPHE_KILL re-entry blocked: fresh entry cutoff 15:10 has passed.
2026-06-17 13:04:20,292 - CRITICAL - LIVE MODE: routing orders to DHAN with fill confirmation.
2026-06-17 13:04:20,292 - INFO - Confirmed fill: BUY buy_ce qty=65 avg=5.00 order_id=o1
2026-06-17 13:04:20,442 - CRITICAL - Basket execution failed before full confirmation: buy_pe: REJECTED - 
2026-06-17 13:04:20,442 - CRITICAL - Entry failed mid-flight. Rolling back only confirmed fills.
2026-06-17 13:04:20,442 - INFO - Confirmed fill: SELL buy_ce qty=65 avg=5.00 order_id=o3
2026-06-17 13:04:20,442 - INFO - Rollback confirmed for buy_ce: o3
2026-06-17 13:04:20,468 - WARNING - Regime reversal check skipped: 'NoneType' object has no attribute 'raise_for_status'
2026-06-17 13:04:20,470 - CRITICAL - SNIPER TARGET HIT at 12.00%. Exiting.
2026-06-17 13:04:20,479 - WARNING - Regime reversal check skipped: 'NoneType' object has no attribute 'raise_for_status'
2026-06-17 13:04:20,480 - CRITICAL - SNIPER TARGET HIT at 12.00%. Exiting.
2026-06-17 13:04:20,482 - CRITICAL - WebSocket died for NIFTY; reconnect attempt 1/5.
2026-06-17 13:04:20,482 - INFO - Reconnecting WebSocket after 2.0s backoff.
2026-06-17 13:04:20,485 - CRITICAL - WebSocket died for NIFTY; reconnect attempt 1/3.
2026-06-17 13:04:20,485 - INFO - Reconnecting WebSocket after 2.0s backoff.
2026-06-17 13:04:20,485 - CRITICAL - WebSocket died for NIFTY; reconnect attempt 2/3.
2026-06-17 13:04:20,485 - INFO - Reconnecting WebSocket after 4.0s backoff.
2026-06-17 13:04:20,485 - CRITICAL - WebSocket died for NIFTY; reconnect attempt 3/3.
2026-06-17 13:04:20,485 - INFO - Reconnecting WebSocket after 8.0s backoff.
2026-06-17 13:04:20,501 - WARNING - Regime reversal check skipped: 'NoneType' object has no attribute 'raise_for_status'
2026-06-17 13:04:20,551 - WARNING - Regime reversal check skipped: 'StableSpotBroker' object has no attribute 'get_option_chain'
2026-06-17 13:04:20,552 - CRITICAL - Ignoring unconfirmed ATM drift: stream 0.42x / 21.00 pts, broker 0.00x / 0.00 pts.
2026-06-17 13:04:20,562 - WARNING - Regime reversal check skipped: 'StableBroker' object has no attribute 'get_option_chain'
2026-06-17 13:04:20,564 - CRITICAL - Ignoring unconfirmed catastrophe: stream net 36.00 >= 31.50, broker net 30.00.
2026-06-17 13:04:20,567 - INFO - Selected Iron Condor legs: {'sell_ce': 'C20300', 'sell_pe': 'P19700', 'buy_ce': 'C20500', 'buy_pe': 'P19500'}
2026-06-17 13:04:20,567 - INFO - Selected Iron Condor prices: {'sell_ce': 100.0, 'sell_pe': 100.0, 'buy_ce': 5.0, 'buy_pe': 5.0}
2026-06-17 13:04:20,567 - INFO - Selected Iron Condor strikes: {'sell_ce': 20300.0, 'sell_pe': 19700.0, 'buy_ce': 20500.0, 'buy_pe': 19500.0, 'atm': 20000.0}
2026-06-17 13:04:20,569 - INFO - Calculating Iron Butterfly strikes & prices (Wing Delta=7.0)...
2026-06-17 13:04:20,570 - INFO - Selected Execution Legs: {'sell_ce': 'C100', 'sell_pe': 'P100', 'buy_ce': 'C150', 'buy_pe': 'P50'}
2026-06-17 13:04:20,570 - INFO - Target Entry Prices: {'sell_ce': 20, 'sell_pe': 20, 'buy_ce': 2, 'buy_pe': 2}
2026-06-17 13:04:20,570 - INFO - Selected Strikes: {'sell_ce': 100, 'sell_pe': 100, 'buy_ce': 150, 'buy_pe': 50}
2026-06-17 13:05:12,706 - INFO - Sniper & Shield Bot Initialized — State Architecture Active 🏛️
2026-06-17 13:05:12,706 - INFO -   Buy Leg Premium Target: 5.0%
2026-06-17 13:05:12,706 - INFO -   Sniper Target: ON (12.0%)
2026-06-17 13:05:12,706 - INFO -   ATM Drift Ejector: 0.20x
2026-06-17 13:05:12,706 - INFO -   Catastrophe Kill: 1.30x entry net premium
2026-06-17 13:05:12,706 - INFO -   Opening Range Gap Filter: ON (0.8% threshold, 15min settle)
2026-06-17 13:05:12,706 - INFO -   Entry Standby Gate: fresh entries start at 09:45
2026-06-17 13:05:12,706 - INFO -   Expiry Day Strategy: 0-DTE chains skipped; next weekly expiry used
2026-06-17 13:05:12,706 - INFO -   Weekend Guard: ON
2026-06-17 13:05:12,706 - INFO - Dhan TOTP auto-auth: Current saved access token is still valid. Skipping token generation.
2026-06-17 13:05:12,711 - INFO - Scheduling MTF-OBLT live scanner running every 1 minute.
2026-06-17 13:05:12,711 - CRITICAL - 🏃 LATE BOOT DETECTED! Running market scanner immediately on startup...
2026-06-17 13:10:07,907 - INFO - Sniper & Shield Bot Initialized — State Architecture Active 🏛️
2026-06-17 13:10:07,907 - INFO -   Buy Leg Premium Target: 5.0%
2026-06-17 13:10:07,907 - INFO -   Sniper Target: ON (12.0%)
2026-06-17 13:10:07,907 - INFO -   ATM Drift Ejector: 0.20x
2026-06-17 13:10:07,907 - INFO -   Catastrophe Kill: 1.30x entry net premium
2026-06-17 13:10:07,907 - INFO -   Opening Range Gap Filter: ON (0.8% threshold, 15min settle)
2026-06-17 13:10:07,907 - INFO -   Entry Standby Gate: fresh entries start at 09:45
2026-06-17 13:10:07,907 - INFO -   Expiry Day Strategy: 0-DTE chains skipped; next weekly expiry used
2026-06-17 13:10:07,907 - INFO -   Weekend Guard: ON
2026-06-17 13:10:07,911 - INFO - Dhan TOTP auto-auth: Current saved access token is still valid. Skipping token generation.
2026-06-17 13:10:07,911 - INFO - Scheduling MTF-OBLT live scanner running every 1 minute.
2026-06-17 13:10:07,911 - CRITICAL - 🏃 LATE BOOT DETECTED! Running market scanner immediately on startup...
2026-06-17 13:11:51,212 - INFO - Waiting for scheduled events...
2026-06-17 14:19:50,482 - INFO - Selected Iron Condor legs: {'sell_ce': 'C20300', 'sell_pe': 'P19700', 'buy_ce': 'C20600', 'buy_pe': 'P19400'}
2026-06-17 14:19:50,482 - INFO - Selected Iron Condor prices: {'sell_ce': 50.0, 'sell_pe': 50.0, 'buy_ce': 5.0, 'buy_pe': 5.0}
2026-06-17 14:19:50,482 - INFO - Selected Iron Condor strikes: {'sell_ce': 20300.0, 'sell_pe': 19700.0, 'buy_ce': 20600.0, 'buy_pe': 19400.0, 'atm': 20000.0}
2026-06-17 14:19:50,512 - WARNING - Regime reversal check skipped: 'BadFreshQuoteBroker' object has no attribute 'get_option_chain'
2026-06-17 14:19:50,513 - CRITICAL - ATM DRIFT EJECTOR: 0.42x >= 0.20x.
2026-06-17 14:19:50,513 - CRITICAL - TRIGGERING SQUARE OFF SEQUENCE!
2026-06-17 14:19:50,514 - INFO - Simulated PnL for this trade: 234.00
2026-06-17 14:19:50,515 - INFO - Calculating Iron Butterfly strikes & prices (Wing Delta=50)...
2026-06-17 14:19:50,515 - INFO - Selected Execution Legs: {'sell_ce': 'C150', 'sell_pe': 'P150', 'buy_ce': 'C200', 'buy_pe': 'P100'}
2026-06-17 14:19:50,515 - INFO - Target Entry Prices: {'sell_ce': 20, 'sell_pe': 20, 'buy_ce': 5, 'buy_pe': 5}
2026-06-17 14:19:50,515 - INFO - Selected Strikes: {'sell_ce': 150, 'sell_pe': 150, 'buy_ce': 200, 'buy_pe': 100}
2026-06-17 14:19:50,521 - INFO - Deploying BTST_RECENTER command-center strategy for NIFTY...
2026-06-17 14:19:50,540 - INFO - Command-center route standby: Telemetry baseline captured; waiting for next cumulative poll
2026-06-17 14:19:50,541 - CRITICAL - Cannot deploy BTST_RECENTER trade: command-center route failed/standby (Telemetry baseline captured; waiting for next cumulative poll).
2026-06-17 14:19:50,557 - WARNING - Regime reversal check skipped: 'NoneType' object has no attribute 'raise_for_status'
2026-06-17 14:19:50,560 - CRITICAL - CATASTROPHE KILL: live net 36.00 >= 31.50.
2026-06-17 14:19:50,562 - WARNING - Option chain is missing Condor protective wings.
2026-06-17 14:19:50,572 - WARNING - Regime reversal check skipped: 'NoneType' object has no attribute 'raise_for_status'
2026-06-17 14:19:50,578 - CRITICAL - ATM DRIFT EJECTOR: 0.50 pts >= 0.40 pts.
2026-06-17 14:19:50,639 - WARNING - Regime reversal check skipped: 'PanicBroker' object has no attribute 'get_option_chain'
2026-06-17 14:19:50,694 - CRITICAL - CATASTROPHE KILL: live net 38.00 >= 31.50.
2026-06-17 14:19:50,702 - CRITICAL - LIVE MODE: routing orders to DHAN with fill confirmation.
2026-06-17 14:19:50,702 - INFO - Confirmed fill: BUY buy_ce qty=65 avg=5.00 order_id=o1
2026-06-17 14:19:50,853 - INFO - Confirmed fill: BUY buy_pe qty=65 avg=4.00 order_id=o2
2026-06-17 14:19:51,003 - INFO - Confirmed fill: SELL sell_ce qty=65 avg=20.00 order_id=o3
2026-06-17 14:19:51,154 - INFO - Confirmed fill: SELL sell_pe qty=65 avg=21.00 order_id=o4
2026-06-17 14:19:51,311 - INFO - Calculating Iron Butterfly strikes & prices (Wing Delta=5.0)...
2026-06-17 14:19:51,312 - INFO - Selected Execution Legs: {'sell_ce': 'C100', 'sell_pe': 'P100', 'buy_ce': 'C150', 'buy_pe': 'P50'}
2026-06-17 14:19:51,312 - INFO - Target Entry Prices: {'sell_ce': 20, 'sell_pe': 20, 'buy_ce': 3, 'buy_pe': 3}
2026-06-17 14:19:51,312 - INFO - Selected Strikes: {'sell_ce': 100, 'sell_pe': 100, 'buy_ce': 150, 'buy_pe': 50}
2026-06-17 14:19:51,325 - WARNING - Regime reversal check skipped: 'NoneType' object has no attribute 'raise_for_status'
2026-06-17 14:19:51,326 - CRITICAL - ATM DRIFT EJECTOR: 0.35x >= 0.20x.
2026-06-17 14:19:51,336 - ERROR - Failed to send Telegram alert: 'NoneType' object has no attribute 'raise_for_status'
2026-06-17 14:19:51,348 - WARNING - Regime reversal check skipped: 'NoneType' object has no attribute 'raise_for_status'
2026-06-17 14:19:51,350 - WARNING - EOD market context unavailable: 'NoneType' object has no attribute 'raise_for_status'
2026-06-17 14:19:51,352 - CRITICAL - EOD decision: EOD_SQUARE_OFF (EOD_CONTEXT_UNAVAILABLE)
2026-06-17 14:19:51,381 - CRITICAL - EOD decision: BTST_RECENTER (NEUTRAL_BTST_PREFERS_IRON_CONDOR)
2026-06-17 14:19:51,414 - CRITICAL - EOD decision: EOD_CARRY (NEUTRAL_STILL_ALIGNED)
2026-06-17 14:19:51,418 - CRITICAL - TRIGGERING SQUARE OFF SEQUENCE!
2026-06-17 14:19:51,419 - CRITICAL - Routing exit orders to LIVE DHAN with fill confirmation.
2026-06-17 14:19:51,419 - CRITICAL - Failed to close sell_ce. Keeping buy_ce hedge intact. Error: sell_ce: REJECTED - 
2026-06-17 14:19:51,419 - INFO - Confirmed fill: BUY sell_pe qty=65 avg=10.00 order_id=o2
2026-06-17 14:19:51,570 - INFO - Confirmed fill: SELL buy_pe qty=65 avg=4.00 order_id=o3
2026-06-17 14:19:51,723 - CRITICAL - STATE RETAINED: exit execution failed. Manual recovery required.
2026-06-17 14:19:51,791 - INFO - Selected Iron Condor legs: {'sell_ce': 'C20300', 'sell_pe': 'P19700', 'buy_ce': 'C20600', 'buy_pe': 'P19400'}
2026-06-17 14:19:51,791 - INFO - Selected Iron Condor prices: {'sell_ce': 50.0, 'sell_pe': 50.0, 'buy_ce': 5.0, 'buy_pe': 5.0}
2026-06-17 14:19:51,791 - INFO - Selected Iron Condor strikes: {'sell_ce': 20300.0, 'sell_pe': 19700.0, 'buy_ce': 20600.0, 'buy_pe': 19400.0, 'atm': 20000.0}
2026-06-17 14:19:51,796 - CRITICAL - Live funds unavailable; rejecting entry: Upstox funds response has no available equity margin
2026-06-17 14:19:51,796 - CRITICAL - Entry rejected before order placement by position sizing: {'status': 'REJECTED', 'environment': 'LIVE', 'strategy_type': 'BTST_BEAR_CALL_CREDIT', 'index_symbol': 'NIFTY', 'lot_multiple': 65, 'available_margin': 0.0, 'usable_capital': 0.0, 'max_capital_utilization': 0.8, 'margin_per_lot': 40000.0, 'margin_source': 'LIVE_BASKET_MARGIN', 'lots_to_deploy': 0, 'quantity': 0, 'capital_deployed': 0.0, 'metadata': {'source': 'LIVE_FUNDS_UNAVAILABLE', 'requires_live_funds': True, 'error': 'Upstox funds response has no available equity margin'}, 'reason': 'Live funds unavailable'}
2026-06-17 14:19:51,796 - ERROR - Failed to send Telegram alert: 'NoneType' object has no attribute 'raise_for_status'
2026-06-17 14:19:51,811 - CRITICAL - MANUAL EXIT TRIGGERED FROM UI. Forcing Square Off.
2026-06-17 14:19:51,812 - ERROR - Failed to send Telegram alert: 'NoneType' object has no attribute 'raise_for_status'
2026-06-17 14:19:51,812 - CRITICAL - TRIGGERING SQUARE OFF SEQUENCE!
2026-06-17 14:19:51,813 - INFO - Simulated PnL for this trade: 195.00
2026-06-17 14:19:51,817 - CRITICAL - TRIGGERING SQUARE OFF SEQUENCE!
2026-06-17 14:19:51,817 - INFO - Simulated PnL for this trade: 195.00
2026-06-17 14:19:51,855 - WARNING - Regime reversal check skipped: 'NoneType' object has no attribute 'raise_for_status'
2026-06-17 14:19:51,917 - WARNING - Regime reversal check skipped: 'NoneType' object has no attribute 'raise_for_status'
2026-06-17 14:19:51,924 - CRITICAL - LIVE MODE: routing orders to DHAN with fill confirmation.
2026-06-17 14:19:51,924 - CRITICAL - Partial fill during entry: buy_ce: unexpected fill quantity 10/65
2026-06-17 14:19:51,925 - CRITICAL - Entry failed mid-flight. Rolling back only confirmed fills.
2026-06-17 14:19:51,925 - INFO - Confirmed fill: SELL buy_ce qty=10 avg=5.00 order_id=o2
2026-06-17 14:19:51,925 - INFO - Rollback confirmed for buy_ce: o2
2026-06-17 14:19:51,927 - INFO - ATM_DRIFT re-entry allowed: premium change 0.00%, spot change 0.05%.
2026-06-17 14:19:51,928 - CRITICAL - CATASTROPHE_KILL re-entry blocked: fresh entry cutoff 15:10 has passed.
2026-06-17 14:19:51,930 - CRITICAL - LIVE MODE: routing orders to DHAN with fill confirmation.
2026-06-17 14:19:51,930 - INFO - Confirmed fill: BUY buy_ce qty=65 avg=5.00 order_id=o1
2026-06-17 14:19:52,080 - CRITICAL - Basket execution failed before full confirmation: buy_pe: REJECTED - 
2026-06-17 14:19:52,080 - CRITICAL - Entry failed mid-flight. Rolling back only confirmed fills.
2026-06-17 14:19:52,080 - INFO - Confirmed fill: SELL buy_ce qty=65 avg=5.00 order_id=o3
2026-06-17 14:19:52,080 - INFO - Rollback confirmed for buy_ce: o3
2026-06-17 14:19:52,097 - WARNING - Regime reversal check skipped: 'NoneType' object has no attribute 'raise_for_status'
2026-06-17 14:19:52,099 - CRITICAL - SNIPER TARGET HIT at 12.00%. Exiting.
2026-06-17 14:19:52,161 - WARNING - Regime reversal check skipped: 'NoneType' object has no attribute 'raise_for_status'
2026-06-17 14:19:52,163 - CRITICAL - SNIPER TARGET HIT at 12.00%. Exiting.
2026-06-17 14:19:52,165 - CRITICAL - WebSocket died for NIFTY; reconnect attempt 1/5.
2026-06-17 14:19:52,165 - INFO - Reconnecting WebSocket after 2.0s backoff.
2026-06-17 14:19:52,167 - CRITICAL - WebSocket died for NIFTY; reconnect attempt 1/3.
2026-06-17 14:19:52,167 - INFO - Reconnecting WebSocket after 2.0s backoff.
2026-06-17 14:19:52,168 - CRITICAL - WebSocket died for NIFTY; reconnect attempt 2/3.
2026-06-17 14:19:52,168 - INFO - Reconnecting WebSocket after 4.0s backoff.
2026-06-17 14:19:52,168 - CRITICAL - WebSocket died for NIFTY; reconnect attempt 3/3.
2026-06-17 14:19:52,168 - INFO - Reconnecting WebSocket after 8.0s backoff.
2026-06-17 14:19:52,182 - WARNING - Regime reversal check skipped: 'NoneType' object has no attribute 'raise_for_status'
2026-06-17 14:19:52,237 - WARNING - Regime reversal check skipped: 'StableSpotBroker' object has no attribute 'get_option_chain'
2026-06-17 14:19:52,238 - CRITICAL - Ignoring unconfirmed ATM drift: stream 0.42x / 21.00 pts, broker 0.00x / 0.00 pts.
2026-06-17 14:19:52,249 - WARNING - Regime reversal check skipped: 'StableBroker' object has no attribute 'get_option_chain'
2026-06-17 14:19:52,251 - CRITICAL - Ignoring unconfirmed catastrophe: stream net 36.00 >= 31.50, broker net 30.00.
2026-06-17 14:19:52,254 - INFO - Selected Iron Condor legs: {'sell_ce': 'C20300', 'sell_pe': 'P19700', 'buy_ce': 'C20500', 'buy_pe': 'P19500'}
2026-06-17 14:19:52,254 - INFO - Selected Iron Condor prices: {'sell_ce': 100.0, 'sell_pe': 100.0, 'buy_ce': 5.0, 'buy_pe': 5.0}
2026-06-17 14:19:52,254 - INFO - Selected Iron Condor strikes: {'sell_ce': 20300.0, 'sell_pe': 19700.0, 'buy_ce': 20500.0, 'buy_pe': 19500.0, 'atm': 20000.0}
2026-06-17 14:19:52,257 - INFO - Calculating Iron Butterfly strikes & prices (Wing Delta=7.0)...
2026-06-17 14:19:52,257 - INFO - Selected Execution Legs: {'sell_ce': 'C100', 'sell_pe': 'P100', 'buy_ce': 'C150', 'buy_pe': 'P50'}
2026-06-17 14:19:52,257 - INFO - Target Entry Prices: {'sell_ce': 20, 'sell_pe': 20, 'buy_ce': 2, 'buy_pe': 2}
2026-06-17 14:19:52,257 - INFO - Selected Strikes: {'sell_ce': 100, 'sell_pe': 100, 'buy_ce': 150, 'buy_pe': 50}
2026-06-17 14:20:23,709 - CRITICAL - Graceful stop requested while idle. Engine stopping.
Traceback (most recent call last):
  File "C:\Users\sande\Antigravity_upstox_selling\Dhan_Algo\main.py", line 1381, in <module>
    scan_market_and_execute_trades()
  File "C:\Users\sande\Antigravity_upstox_selling\Dhan_Algo\main.py", line 831, in scan_market_and_execute_trades
    time.sleep(2.0)
KeyboardInterrupt
-   Catastrophe Kill: 1.30x entry net premium
2026-06-17 14:20:29,188 - INFO -   Opening Range Gap Filter: ON (0.8% threshold, 15min settle)
2026-06-17 14:20:29,188 - INFO -   Entry Standby Gate: fresh entries start at 09:45
2026-06-17 14:20:29,188 - INFO -   Expiry Day Strategy: 0-DTE chains skipped; next weekly expiry used
2026-06-17 14:20:29,188 - INFO -   Weekend Guard: ON
2026-06-17 14:20:29,188 - INFO - Dhan TOTP auto-auth: Current saved access token is still valid. Skipping token generation.
2026-06-17 14:20:29,188 - INFO - Scheduling MTF-OBLT live scanner running every 1 minute.
2026-06-17 14:20:29,188 - CRITICAL - 🏃 LATE BOOT DETECTED! Running market scanner immediately on startup...
--- Logging error ---
Traceback (most recent call last):
  File "C:\Users\sande\anaconda3\envs\python312\Lib\logging\handlers.py", line 74, in emit
    self.doRollover()
  File "C:\Users\sande\anaconda3\envs\python312\Lib\logging\handlers.py", line 446, in doRollover
    self.rotate(self.baseFilename, dfn)
  File "C:\Users\sande\anaconda3\envs\python312\Lib\logging\handlers.py", line 115, in rotate
    os.rename(source, dest)
PermissionError: [WinError 32] The process cannot access the file because it is being used by another process: 'C:\\Users\\sande\\Antigravity_upstox_selling\\Dhan_Algo\\bot.log' -> 'C:\\Users\\sande\\Antigravity_upstox_selling\\Dhan_Algo\\bot.log.2026-06-17'
Call stack:
  File "C:\Users\sande\Antigravity_upstox_selling\Dhan_Algo\main.py", line 1388, in <module>
    schedule.run_pending()
  File "C:\Users\sande\anaconda3\envs\python312\Lib\site-packages\schedule\__init__.py", line 854, in run_pending
    default_scheduler.run_pending()
  File "C:\Users\sande\anaconda3\envs\python312\Lib\site-packages\schedule\__init__.py", line 101, in run_pending
    self._run_job(job)
  File "C:\Users\sande\anaconda3\envs\python312\Lib\site-packages\schedule\__init__.py", line 173, in _run_job
    ret = job.run()
  File "C:\Users\sande\anaconda3\envs\python312\Lib\site-packages\schedule\__init__.py", line 691, in run
    ret = self.job_func()
  File "C:\Users\sande\Antigravity_upstox_selling\Dhan_Algo\main.py", line 1259, in auto_authenticate_dhan
    logging.info("Dhan TOTP auto-auth: Current saved access token is still valid. Skipping token generation.")
Message: 'Dhan TOTP auto-auth: Current saved access token is still valid. Skipping token generation.'
Arguments: ()
--- Logging error ---
Traceback (most recent call last):
  File "C:\Users\sande\anaconda3\envs\python312\Lib\logging\handlers.py", line 74, in emit
    self.doRollover()
  File "C:\Users\sande\anaconda3\envs\python312\Lib\logging\handlers.py", line 446, in doRollover
    self.rotate(self.baseFilename, dfn)
  File "C:\Users\sande\anaconda3\envs\python312\Lib\logging\handlers.py", line 115, in rotate
    os.rename(source, dest)
PermissionError: [WinError 32] The process cannot access the file because it is being used by another process: 'C:\\Users\\sande\\Antigravity_upstox_selling\\Dhan_Algo\\bot.log' -> 'C:\\Users\\sande\\Antigravity_upstox_selling\\Dhan_Algo\\bot.log.2026-06-17'
Call stack:
  File "C:\Users\sande\Antigravity_upstox_selling\Dhan_Algo\main.py", line 1388, in <module>
    schedule.run_pending()
  File "C:\Users\sande\anaconda3\envs\python312\Lib\site-packages\schedule\__init__.py", line 854, in run_pending
    default_scheduler.run_pending()
  File "C:\Users\sande\anaconda3\envs\python312\Lib\site-packages\schedule\__init__.py", line 101, in run_pending
    self._run_job(job)
  File "C:\Users\sande\anaconda3\envs\python312\Lib\site-packages\schedule\__init__.py", line 173, in _run_job
    ret = job.run()
  File "C:\Users\sande\anaconda3\envs\python312\Lib\site-packages\schedule\__init__.py", line 691, in run
    ret = self.job_func()
  File "C:\Users\sande\Antigravity_upstox_selling\Dhan_Algo\main.py", line 1322, in build_todays_schedule
    logging.info("Scheduling MTF-OBLT live scanner running every 1 minute.")
Message: 'Scheduling MTF-OBLT live scanner running every 1 minute.'
Arguments: ()
or("<urllib3.connection.HTTPSConnection object at 0x0000010888BA3C80>: Failed to resolve 'api.dhan.co' ([Errno 11001] getaddrinfo failed)"))
2026-06-17 18:17:21,387 - ERROR - Scanner failed for symbol RELIANCE: HTTPSConnectionPool(host='api.dhan.co', port=443): Max retries exceeded with url: /v2/charts/intraday (Caused by NameResolutionError("<urllib3.connection.HTTPSConnection object at 0x0000010888B8C5C0>: Failed to resolve 'api.dhan.co' ([Errno 11001] getaddrinfo failed)"))
2026-06-17 18:17:23,450 - ERROR - Scanner failed for symbol HDFCBANK: HTTPSConnectionPool(host='api.dhan.co', port=443): Max retries exceeded with url: /v2/charts/intraday (Caused by NameResolutionError("<urllib3.connection.HTTPSConnection object at 0x0000010888B7AB10>: Failed to resolve 'api.dhan.co' ([Errno 11001] getaddrinfo failed)"))
2026-06-17 18:17:25,458 - ERROR - Scanner failed for symbol ICICIBANK: HTTPSConnectionPool(host='api.dhan.co', port=443): Max retries exceeded with url: /v2/charts/intraday (Caused by NameResolutionError("<urllib3.connection.HTTPSConnection object at 0x0000010888B9FF20>: Failed to resolve 'api.dhan.co' ([Errno 11001] getaddrinfo failed)"))
2026-06-17 18:17:27,468 - ERROR - Scanner failed for symbol INFY: HTTPSConnectionPool(host='api.dhan.co', port=443): Max retries exceeded with url: /v2/charts/intraday (Caused by NameResolutionError("<urllib3.connection.HTTPSConnection object at 0x0000010888BD1730>: Failed to resolve 'api.dhan.co' ([Errno 11001] getaddrinfo failed)"))
2026-06-17 18:17:29,478 - ERROR - Scanner failed for symbol TCS: HTTPSConnectionPool(host='api.dhan.co', port=443): Max retries exceeded with url: /v2/charts/intraday (Caused by NameResolutionError("<urllib3.connection.HTTPSConnection object at 0x0000010888B022D0>: Failed to resolve 'api.dhan.co' ([Errno 11001] getaddrinfo failed)"))
2026-06-17 18:17:31,490 - ERROR - Scanner failed for symbol SBIN: HTTPSConnectionPool(host='api.dhan.co', port=443): Max retries exceeded with url: /v2/charts/intraday (Caused by NameResolutionError("<urllib3.connection.HTTPSConnection object at 0x0000010888B1C890>: Failed to resolve 'api.dhan.co' ([Errno 11001] getaddrinfo failed)"))
2026-06-17 18:17:33,500 - ERROR - Scanner failed for symbol AXISBANK: HTTPSConnectionPool(host='api.dhan.co', port=443): Max retries exceeded with url: /v2/charts/intraday (Caused by NameResolutionError("<urllib3.connection.HTTPSConnection object at 0x0000010888BD3620>: Failed to resolve 'api.dhan.co' ([Errno 11001] getaddrinfo failed)"))
2026-06-17 18:17:35,509 - ERROR - Scanner failed for symbol KOTAKBANK: HTTPSConnectionPool(host='api.dhan.co', port=443): Max retries exceeded with url: /v2/charts/intraday (Caused by NameResolutionError("<urllib3.connection.HTTPSConnection object at 0x0000010888B9C6E0>: Failed to resolve 'api.dhan.co' ([Errno 11001] getaddrinfo failed)"))
2026-06-17 18:17:37,519 - ERROR - Scanner failed for symbol BAJFINANCE: HTTPSConnectionPool(host='api.dhan.co', port=443): Max retries exceeded with url: /v2/charts/intraday (Caused by NameResolutionError("<urllib3.connection.HTTPSConnection object at 0x0000010888B78B90>: Failed to resolve 'api.dhan.co' ([Errno 11001] getaddrinfo failed)"))
2026-06-17 18:17:39,526 - ERROR - Scanner failed for symbol HCLTECH: HTTPSConnectionPool(host='api.dhan.co', port=443): Max retries exceeded with url: /v2/charts/intraday (Caused by NameResolutionError("<urllib3.connection.HTTPSConnection object at 0x0000010888B8D700>: Failed to resolve 'api.dhan.co' ([Errno 11001] getaddrinfo failed)"))
2026-06-17 18:17:41,536 - ERROR - Scanner failed for symbol WIPRO: HTTPSConnectionPool(host='api.dhan.co', port=443): Max retries exceeded with url: /v2/charts/intraday (Caused by NameResolutionError("<urllib3.connection.HTTPSConnection object at 0x0000010888B8F290>: Failed to resolve 'api.dhan.co' ([Errno 11001] getaddrinfo failed)"))
2026-06-17 18:17:43,548 - ERROR - Scanner failed for symbol LT: HTTPSConnectionPool(host='api.dhan.co', port=443): Max retries exceeded with url: /v2/charts/intraday (Caused by NameResolutionError("<urllib3.connection.HTTPSConnection object at 0x0000010888BAB1D0>: Failed to resolve 'api.dhan.co' ([Errno 11001] getaddrinfo failed)"))
2026-06-17 18:17:45,557 - ERROR - Scanner failed for symbol BHARTIARTL: HTTPSConnectionPool(host='api.dhan.co', port=443): Max retries exceeded with url: /v2/charts/intraday (Caused by NameResolutionError("<urllib3.connection.HTTPSConnection object at 0x0000010888B8DF70>: Failed to resolve 'api.dhan.co' ([Errno 11001] getaddrinfo failed)"))
2026-06-17 18:17:47,566 - ERROR - Scanner failed for symbol TATASTEEL: HTTPSConnectionPool(host='api.dhan.co', port=443): Max retries exceeded with url: /v2/charts/intraday (Caused by NameResolutionError("<urllib3.connection.HTTPSConnection object at 0x0000010888B79880>: Failed to resolve 'api.dhan.co' ([Errno 11001] getaddrinfo failed)"))
2026-06-17 18:17:49,690 - ERROR - Scanner failed for symbol MARUTI: HTTPSConnectionPool(host='api.dhan.co', port=443): Max retries exceeded with url: /v2/charts/intraday (Caused by NameResolutionError("<urllib3.connection.HTTPSConnection object at 0x0000010888B9F4D0>: Failed to resolve 'api.dhan.co' ([Errno 11001] getaddrinfo failed)"))
2026-06-18 08:45:04,717 - INFO - Selected Iron Condor legs: {'sell_ce': 'C20300', 'sell_pe': 'P19700', 'buy_ce': 'C20600', 'buy_pe': 'P19400'}
2026-06-18 08:45:04,718 - INFO - Selected Iron Condor prices: {'sell_ce': 50.0, 'sell_pe': 50.0, 'buy_ce': 5.0, 'buy_pe': 5.0}
2026-06-18 08:45:04,719 - INFO - Selected Iron Condor strikes: {'sell_ce': 20300.0, 'sell_pe': 19700.0, 'buy_ce': 20600.0, 'buy_pe': 19400.0, 'atm': 20000.0}
2026-06-18 08:45:04,773 - WARNING - Regime reversal check skipped: 'BadFreshQuoteBroker' object has no attribute 'get_option_chain'
2026-06-18 08:45:04,777 - CRITICAL - ATM DRIFT EJECTOR: 0.42x >= 0.20x.
2026-06-18 08:45:04,777 - CRITICAL - TRIGGERING SQUARE OFF SEQUENCE!
2026-06-18 08:45:04,779 - INFO - Simulated PnL for this trade: 234.00
2026-06-18 08:45:04,782 - INFO - Calculating Iron Butterfly strikes & prices (Wing Delta=50)...
2026-06-18 08:45:04,782 - INFO - Selected Execution Legs: {'sell_ce': 'C150', 'sell_pe': 'P150', 'buy_ce': 'C200', 'buy_pe': 'P100'}
2026-06-18 08:45:04,782 - INFO - Target Entry Prices: {'sell_ce': 20, 'sell_pe': 20, 'buy_ce': 5, 'buy_pe': 5}
2026-06-18 08:45:04,782 - INFO - Selected Strikes: {'sell_ce': 150, 'sell_pe': 150, 'buy_ce': 200, 'buy_pe': 100}
2026-06-18 08:45:04,794 - INFO - Deploying BTST_RECENTER command-center strategy for NIFTY...
2026-06-18 08:45:04,824 - INFO - Command-center route standby: Telemetry baseline captured; waiting for next cumulative poll
2026-06-18 08:45:04,824 - CRITICAL - Cannot deploy BTST_RECENTER trade: command-center route failed/standby (Telemetry baseline captured; waiting for next cumulative poll).
2026-06-18 08:45:04,868 - WARNING - Regime reversal check skipped: 'NoneType' object has no attribute 'raise_for_status'
2026-06-18 08:45:04,872 - CRITICAL - CATASTROPHE KILL: live net 36.00 >= 31.50.
2026-06-18 08:45:04,876 - WARNING - Option chain is missing Condor protective wings.
2026-06-18 08:45:04,895 - WARNING - Regime reversal check skipped: 'NoneType' object has no attribute 'raise_for_status'
2026-06-18 08:45:04,908 - CRITICAL - ATM DRIFT EJECTOR: 0.50 pts >= 0.40 pts.
2026-06-18 08:45:04,926 - WARNING - Regime reversal check skipped: 'PanicBroker' object has no attribute 'get_option_chain'
2026-06-18 08:45:04,931 - CRITICAL - CATASTROPHE KILL: live net 38.00 >= 31.50.
2026-06-18 08:45:04,947 - CRITICAL - LIVE MODE: routing orders to DHAN with fill confirmation.
2026-06-18 08:45:04,947 - INFO - Confirmed fill: BUY buy_ce qty=65 avg=5.00 order_id=o1
2026-06-18 08:45:05,098 - INFO - Confirmed fill: BUY buy_pe qty=65 avg=4.00 order_id=o2
2026-06-18 08:45:05,249 - INFO - Confirmed fill: SELL sell_ce qty=65 avg=20.00 order_id=o3
2026-06-18 08:45:05,400 - INFO - Confirmed fill: SELL sell_pe qty=65 avg=21.00 order_id=o4
2026-06-18 08:45:05,565 - INFO - Calculating Iron Butterfly strikes & prices (Wing Delta=5.0)...
2026-06-18 08:45:05,565 - INFO - Selected Execution Legs: {'sell_ce': 'C100', 'sell_pe': 'P100', 'buy_ce': 'C150', 'buy_pe': 'P50'}
2026-06-18 08:45:05,565 - INFO - Target Entry Prices: {'sell_ce': 20, 'sell_pe': 20, 'buy_ce': 3, 'buy_pe': 3}
2026-06-18 08:45:05,565 - INFO - Selected Strikes: {'sell_ce': 100, 'sell_pe': 100, 'buy_ce': 150, 'buy_pe': 50}
2026-06-18 08:45:05,591 - WARNING - Regime reversal check skipped: 'NoneType' object has no attribute 'raise_for_status'
2026-06-18 08:45:05,596 - CRITICAL - ATM DRIFT EJECTOR: 0.35x >= 0.20x.
2026-06-18 08:45:05,667 - ERROR - Failed to send Telegram alert: 'NoneType' object has no attribute 'raise_for_status'
2026-06-18 08:45:05,741 - WARNING - Regime reversal check skipped: 'NoneType' object has no attribute 'raise_for_status'
2026-06-18 08:45:05,746 - WARNING - EOD market context unavailable: 'NoneType' object has no attribute 'raise_for_status'
2026-06-18 08:45:05,749 - CRITICAL - EOD decision: EOD_SQUARE_OFF (EOD_CONTEXT_UNAVAILABLE)
2026-06-18 08:45:05,802 - CRITICAL - EOD decision: BTST_RECENTER (NEUTRAL_BTST_PREFERS_IRON_CONDOR)
2026-06-18 08:45:05,866 - CRITICAL - EOD decision: EOD_CARRY (NEUTRAL_STILL_ALIGNED)
2026-06-18 08:45:05,878 - CRITICAL - TRIGGERING SQUARE OFF SEQUENCE!
2026-06-18 08:45:05,879 - CRITICAL - Routing exit orders to LIVE DHAN with fill confirmation.
2026-06-18 08:45:05,879 - CRITICAL - Failed to close sell_ce. Keeping buy_ce hedge intact. Error: sell_ce: REJECTED - 
2026-06-18 08:45:05,879 - INFO - Confirmed fill: BUY sell_pe qty=65 avg=10.00 order_id=o2
2026-06-18 08:45:06,030 - INFO - Confirmed fill: SELL buy_pe qty=65 avg=4.00 order_id=o3
2026-06-18 08:45:06,187 - CRITICAL - STATE RETAINED: exit execution failed. Manual recovery required.
2026-06-18 08:45:06,299 - INFO - Selected Iron Condor legs: {'sell_ce': 'C20300', 'sell_pe': 'P19700', 'buy_ce': 'C20600', 'buy_pe': 'P19400'}
2026-06-18 08:45:06,300 - INFO - Selected Iron Condor prices: {'sell_ce': 50.0, 'sell_pe': 50.0, 'buy_ce': 5.0, 'buy_pe': 5.0}
2026-06-18 08:45:06,300 - INFO - Selected Iron Condor strikes: {'sell_ce': 20300.0, 'sell_pe': 19700.0, 'buy_ce': 20600.0, 'buy_pe': 19400.0, 'atm': 20000.0}
2026-06-18 08:45:06,315 - CRITICAL - Live funds unavailable; rejecting entry: Upstox funds response has no available equity margin
2026-06-18 08:45:06,315 - CRITICAL - Entry rejected before order placement by position sizing: {'status': 'REJECTED', 'environment': 'LIVE', 'strategy_type': 'BTST_BEAR_CALL_CREDIT', 'index_symbol': 'NIFTY', 'lot_multiple': 65, 'available_margin': 0.0, 'usable_capital': 0.0, 'max_capital_utilization': 0.8, 'margin_per_lot': 40000.0, 'margin_source': 'LIVE_BASKET_MARGIN', 'lots_to_deploy': 0, 'quantity': 0, 'capital_deployed': 0.0, 'metadata': {'source': 'LIVE_FUNDS_UNAVAILABLE', 'requires_live_funds': True, 'error': 'Upstox funds response has no available equity margin'}, 'reason': 'Live funds unavailable'}
2026-06-18 08:45:06,315 - ERROR - Failed to send Telegram alert: 'NoneType' object has no attribute 'raise_for_status'
2026-06-18 08:45:06,339 - CRITICAL - MANUAL EXIT TRIGGERED FROM UI. Forcing Square Off.
2026-06-18 08:45:06,339 - ERROR - Failed to send Telegram alert: 'NoneType' object has no attribute 'raise_for_status'
2026-06-18 08:45:06,340 - CRITICAL - TRIGGERING SQUARE OFF SEQUENCE!
2026-06-18 08:45:06,341 - INFO - Simulated PnL for this trade: 195.00
2026-06-18 08:45:06,348 - CRITICAL - TRIGGERING SQUARE OFF SEQUENCE!
2026-06-18 08:45:06,349 - INFO - Simulated PnL for this trade: 195.00
2026-06-18 08:45:06,411 - WARNING - Regime reversal check skipped: 'NoneType' object has no attribute 'raise_for_status'
2026-06-18 08:45:06,438 - WARNING - Regime reversal check skipped: 'NoneType' object has no attribute 'raise_for_status'
2026-06-18 08:45:06,448 - CRITICAL - LIVE MODE: routing orders to DHAN with fill confirmation.
2026-06-18 08:45:06,448 - CRITICAL - Partial fill during entry: buy_ce: unexpected fill quantity 10/65
2026-06-18 08:45:06,448 - CRITICAL - Entry failed mid-flight. Rolling back only confirmed fills.
2026-06-18 08:45:06,448 - INFO - Confirmed fill: SELL buy_ce qty=10 avg=5.00 order_id=o2
2026-06-18 08:45:06,448 - INFO - Rollback confirmed for buy_ce: o2
2026-06-18 08:45:06,452 - INFO - ATM_DRIFT re-entry allowed: premium change 0.00%, spot change 0.05%.
2026-06-18 08:45:06,454 - CRITICAL - CATASTROPHE_KILL re-entry blocked: fresh entry cutoff 15:10 has passed.
2026-06-18 08:45:06,460 - CRITICAL - LIVE MODE: routing orders to DHAN with fill confirmation.
2026-06-18 08:45:06,460 - INFO - Confirmed fill: BUY buy_ce qty=65 avg=5.00 order_id=o1
2026-06-18 08:45:06,611 - CRITICAL - Basket execution failed before full confirmation: buy_pe: REJECTED - 
2026-06-18 08:45:06,611 - CRITICAL - Entry failed mid-flight. Rolling back only confirmed fills.
2026-06-18 08:45:06,611 - INFO - Confirmed fill: SELL buy_ce qty=65 avg=5.00 order_id=o3
2026-06-18 08:45:06,612 - INFO - Rollback confirmed for buy_ce: o3
2026-06-18 08:45:06,712 - WARNING - Regime reversal check skipped: 'NoneType' object has no attribute 'raise_for_status'
2026-06-18 08:45:06,716 - CRITICAL - SNIPER TARGET HIT at 12.00%. Exiting.
2026-06-18 08:45:06,741 - WARNING - Regime reversal check skipped: 'NoneType' object has no attribute 'raise_for_status'
2026-06-18 08:45:06,747 - CRITICAL - SNIPER TARGET HIT at 12.00%. Exiting.
2026-06-18 08:45:06,753 - CRITICAL - WebSocket died for NIFTY; reconnect attempt 1/5.
2026-06-18 08:45:06,753 - INFO - Reconnecting WebSocket after 2.0s backoff.
2026-06-18 08:45:06,758 - CRITICAL - WebSocket died for NIFTY; reconnect attempt 1/3.
2026-06-18 08:45:06,758 - INFO - Reconnecting WebSocket after 2.0s backoff.
2026-06-18 08:45:06,758 - CRITICAL - WebSocket died for NIFTY; reconnect attempt 2/3.
2026-06-18 08:45:06,758 - INFO - Reconnecting WebSocket after 4.0s backoff.
2026-06-18 08:45:06,759 - CRITICAL - WebSocket died for NIFTY; reconnect attempt 3/3.
2026-06-18 08:45:06,759 - INFO - Reconnecting WebSocket after 8.0s backoff.
2026-06-18 08:45:06,841 - WARNING - Regime reversal check skipped: 'NoneType' object has no attribute 'raise_for_status'
2026-06-18 08:45:07,014 - WARNING - Regime reversal check skipped: 'StableSpotBroker' object has no attribute 'get_option_chain'
2026-06-18 08:45:07,018 - CRITICAL - Ignoring unconfirmed ATM drift: stream 0.42x / 21.00 pts, broker 0.00x / 0.00 pts.
2026-06-18 08:45:07,100 - WARNING - Regime reversal check skipped: 'StableBroker' object has no attribute 'get_option_chain'
2026-06-18 08:45:07,104 - CRITICAL - Ignoring unconfirmed catastrophe: stream net 36.00 >= 31.50, broker net 30.00.
2026-06-18 08:45:07,111 - INFO - Selected Iron Condor legs: {'sell_ce': 'C20300', 'sell_pe': 'P19700', 'buy_ce': 'C20500', 'buy_pe': 'P19500'}
2026-06-18 08:45:07,112 - INFO - Selected Iron Condor prices: {'sell_ce': 100.0, 'sell_pe': 100.0, 'buy_ce': 5.0, 'buy_pe': 5.0}
2026-06-18 08:45:07,112 - INFO - Selected Iron Condor strikes: {'sell_ce': 20300.0, 'sell_pe': 19700.0, 'buy_ce': 20500.0, 'buy_pe': 19500.0, 'atm': 20000.0}
2026-06-18 08:45:07,117 - INFO - Calculating Iron Butterfly strikes & prices (Wing Delta=7.0)...
2026-06-18 08:45:07,117 - INFO - Selected Execution Legs: {'sell_ce': 'C100', 'sell_pe': 'P100', 'buy_ce': 'C150', 'buy_pe': 'P50'}
2026-06-18 08:45:07,117 - INFO - Target Entry Prices: {'sell_ce': 20, 'sell_pe': 20, 'buy_ce': 2, 'buy_pe': 2}
2026-06-18 08:45:07,117 - INFO - Selected Strikes: {'sell_ce': 100, 'sell_pe': 100, 'buy_ce': 150, 'buy_pe': 50}
